[38;2;188;109;208m---[0m [38;2;95;167;241m[1myarn-project test[0m [38;2;188;109;208m---[0m
Starting test run with max 80 jobs...
[38;2;97;214;104mPASSED[0m: yarn-project/scripts/run_test.sh archiver/src/archiver/memory_archiver_store/l1_to_l2_message_store.test.ts (2s)
[38;2;97;214;104mPASSED[0m: yarn-project/scripts/run_test.sh aztec.js/src/contract/checker.test.ts (2s)
[38;2;97;214;104mPASSED[0m: yarn-project/scripts/run_test.sh aztec-node/src/sentinel/store.test.ts (2s)
[38;2;97;214;104mPASSED[0m: yarn-project/scripts/run_test.sh aztec.js/src/contract/sent_tx.test.ts (2s)
[38;2;97;214;104mPASSED[0m: yarn-project/scripts/run_test.sh aztec.js/src/contract/contract.test.ts (2s)
[38;2;97;214;104mPASSED[0m: yarn-project/scripts/run_test.sh cli/src/utils/commands.test.ts (1s)
[38;2;97;214;104mPASSED[0m: yarn-project/scripts/run_test.sh blob-lib/src/sponge_blob.test.ts (2s)
[38;2;97;214;104mPASSED[0m: yarn-project/scripts/run_test.sh blob-lib/src/blob_public_inputs.test.ts (2s)
[38;2;97;214;104mPASSED[0m: yarn-project/scripts/run_test.sh blob-sink/src/client/local.test.ts (2s)
[38;2;97;214;104mPASSED[0m: yarn-project/scripts/run_test.sh blob-sink/src/archive/factory.test.ts (2s)
[38;2;97;214;104mPASSED[0m: yarn-project/scripts/run_test.sh aztec.js/src/contract/get_gas_limits.test.ts (3s)
[38;2;97;214;104mPASSED[0m: yarn-project/scripts/run_test.sh foundation/src/async-map/async_map.test.ts (1s)
[38;2;97;214;104mPASSED[0m: yarn-project/scripts/run_test.sh epoch-cache/src/epoch_cache.test.ts (2s)
[38;2;97;214;104mPASSED[0m: yarn-project/scripts/run_test.sh blob-sink/src/blobstore/memory_blob_store.test.ts (2s)
[38;2;97;214;104mPASSED[0m: yarn-project/scripts/run_test.sh foundation/src/bigint-buffer/bigint-buffer.test.ts (1s)
[38;2;97;214;104mPASSED[0m: yarn-project/scripts/run_test.sh foundation/src/collection/array.test.ts (1s)
[38;2;97;214;104mPASSED[0m: yarn-project/scripts/run_test.sh foundation/src/collection/object.test.ts (1s)
[38;2;97;214;104mPASSED[0m: yarn-project/scripts/run_test.sh cli/src/utils/aztec.test.ts (2s)
[38;2;97;214;104mPASSED[0m: yarn-project/scripts/run_test.sh aztec-node/src/sentinel/sentinel.test.ts (3s)
[38;2;97;214;104mPASSED[0m: yarn-project/scripts/run_test.sh blob-sink/src/blobstore/disk_blob_store.test.ts (2s)
[38;2;97;214;104mPASSED[0m: yarn-project/scripts/run_test.sh foundation/src/committable/committable.test.ts (2s)
[38;2;97;214;104mPASSED[0m: yarn-project/scripts/run_test.sh bb-prover/src/avm_proving_tests/avm_contract_updates.test.ts (4s)
[38;2;97;214;104mPASSED[0m: yarn-project/scripts/run_test.sh blob-lib/src/blob.test.ts (3s)
[38;2;97;214;104mPASSED[0m: yarn-project/scripts/run_test.sh bb-prover/src/avm_proving_tests/avm_contract_class_limits.test.ts (4s)
[38;2;97;214;104mPASSED[0m: yarn-project/scripts/run_test.sh bb-prover/src/avm_proving_tests/avm_proven_amm.test.ts (4s)
[38;2;97;214;104mPASSED[0m: ISOLATE=1 yarn-project/scripts/run_test.sh p2p/src/config.test.ts (4s)
[38;2;97;214;104mPASSED[0m: yarn-project/scripts/run_test.sh blob-sink/src/archive/blobscan_archive_client.test.ts (3s)
[38;2;97;214;104mPASSED[0m: ISOLATE=1 yarn-project/scripts/run_test.sh prover-node/src/monitors/epoch-monitor.test.ts (5s)
[38;2;97;214;104mPASSED[0m: yarn-project/scripts/run_test.sh foundation/src/crypto/aes128/index.test.ts (1s)
[38;2;97;214;104mPASSED[0m: yarn-project/scripts/run_test.sh foundation/src/crypto/ecdsa/index.test.ts (1s)
[38;2;97;214;104mPASSED[0m: yarn-project/scripts/run_test.sh foundation/src/crypto/ecdsa/signature.test.ts (1s)
[38;2;97;214;104mPASSED[0m: yarn-project/scripts/run_test.sh foundation/src/crypto/keccak/index.test.ts (2s)
[38;2;97;214;104mPASSED[0m: yarn-project/scripts/run_test.sh foundation/src/crypto/random/index.test.ts (2s)
[38;2;230;69;83mFAILED[0m ([38;2;250;217;121m]8;;http://ci.aztec-labs.com/2c5bf2a8451d948c2c5bf2a8451d948c]8;;[0m): yarn-project/scripts/run_test.sh bb-prover/src/avm_proving_tests/avm_proven_token.test.ts (4s) (code: 1)
[38;2;97;214;104mPASSED[0m: yarn-project/scripts/run_test.sh foundation/src/crypto/grumpkin/index.test.ts (2s)
[38;2;97;214;104mPASSED[0m: yarn-project/scripts/run_test.sh foundation/src/crypto/pedersen/index.test.ts (2s)
[38;2;97;214;104mPASSED[0m: yarn-project/scripts/run_test.sh foundation/src/crypto/poseidon/index.test.ts (2s)
[38;2;97;214;104mPASSED[0m: yarn-project/scripts/run_test.sh foundation/src/crypto/sha256/index.test.ts (1s)
[38;2;230;69;83mFAILED[0m ([38;2;250;217;121m]8;;http://ci.aztec-labs.com/d84bf8e1a29b4defd84bf8e1a29b4def]8;;[0m): yarn-project/scripts/run_test.sh bb-prover/src/avm_proving_tests/avm_proving_and_verification.test.ts (4s) (code: 1)
[38;2;97;214;104mPASSED[0m: yarn-project/scripts/run_test.sh foundation/src/crypto/schnorr/index.test.ts (2s)
[38;2;97;214;104mPASSED[0m: yarn-project/scripts/run_test.sh foundation/src/decorators/memoize.test.ts (1s)
[38;2;230;69;83mFAILED[0m ([38;2;250;217;121m]8;;http://ci.aztec-labs.com/0e37d613f71bb0c10e37d613f71bb0c1]8;;[0m): yarn-project/scripts/run_test.sh bb-prover/src/avm_proving_tests/avm_public_fee_payment.test.ts (4s) (code: 1)
[38;2;97;214;104mPASSED[0m: ISOLATE=1 yarn-project/scripts/run_test.sh p2p/src/services/reqresp/connection-sampler/batch_connection_sampler.test.ts (5s)
[38;2;97;214;104mPASSED[0m: ISOLATE=1 yarn-project/scripts/run_test.sh p2p/src/versioning.test.ts (5s)
[38;2;230;69;83mFAILED[0m ([38;2;250;217;121m]8;;http://ci.aztec-labs.com/e407e06319bde8f1e407e06319bde8f1]8;;[0m): yarn-project/scripts/run_test.sh bb-prover/src/avm_proving_tests/avm_v2.test.ts (4s) (code: 1)
[38;2;97;214;104mPASSED[0m: yarn-project/scripts/run_test.sh foundation/src/crypto/secp256k1/index.test.ts (2s)
[38;2;97;214;104mPASSED[0m: yarn-project/scripts/run_test.sh foundation/src/crypto/sync/pedersen/index.test.ts (1s)
[38;2;97;214;104mPASSED[0m: yarn-project/scripts/run_test.sh foundation/src/eth-address/eth_address.test.ts (2s)
[38;2;97;214;104mPASSED[0m: yarn-project/scripts/run_test.sh foundation/src/crypto/secp256k1-signer/secp256k1_signer.test.ts (3s)
[38;2;97;214;104mPASSED[0m: yarn-project/scripts/run_test.sh blob-sink/src/server/server.test.ts (5s)
[38;2;97;214;104mPASSED[0m: yarn-project/scripts/run_test.sh foundation/src/crypto/sync/poseidon/index.test.ts (2s)
[38;2;97;214;104mPASSED[0m: yarn-project/scripts/run_test.sh foundation/src/eth-signature/eth_signature.test.ts (2s)
[38;2;97;214;104mPASSED[0m: yarn-project/scripts/run_test.sh foundation/src/fields/coordinate.test.ts (2s)
[38;2;97;214;104mPASSED[0m: yarn-project/scripts/run_test.sh foundation/src/iterable/all.test.ts (2s)
[38;2;97;214;104mPASSED[0m: yarn-project/scripts/run_test.sh foundation/src/iterable/filter.test.ts (2s)
[38;2;97;214;104mPASSED[0m: yarn-project/scripts/run_test.sh foundation/src/iterable/sort.test.ts (1s)
[38;2;97;214;104mPASSED[0m: yarn-project/scripts/run_test.sh foundation/src/iterable/map.test.ts (1s)
[38;2;97;214;104mPASSED[0m: yarn-project/scripts/run_test.sh foundation/src/iterable/take.test.ts (1s)
[38;2;97;214;104mPASSED[0m: ISOLATE=1 yarn-project/scripts/run_test.sh prover-node/src/prover-node-publisher.test.ts (7s)
[38;2;97;214;104mPASSED[0m: FAKE_PROOFS=1 yarn-project/scripts/run_test.sh prover-client/src/test/bb_prover_parity.test.ts (6s)
[38;2;97;214;104mPASSED[0m: ISOLATE=1 yarn-project/scripts/run_test.sh p2p/src/util.test.ts (6s)
[38;2;97;214;104mPASSED[0m: yarn-project/scripts/run_test.sh foundation/src/json-rpc/convert.test.ts (1s)
[38;2;97;214;104mPASSED[0m: yarn-project/scripts/run_test.sh foundation/src/fields/fields.test.ts (2s)
[38;2;97;214;104mPASSED[0m: yarn-project/scripts/run_test.sh foundation/src/fields/point.test.ts (2s)
[38;2;97;214;104mPASSED[0m: ISOLATE=1 yarn-project/scripts/run_test.sh p2p/src/services/reqresp/connection-sampler/connection_sampler.test.ts (6s)
[38;2;97;214;104mPASSED[0m: yarn-project/scripts/run_test.sh foundation/src/promise/running-promise.test.ts (1s)
[38;2;97;214;104mPASSED[0m: yarn-project/scripts/run_test.sh foundation/src/log/log-filters.test.ts (1s)
[38;2;97;214;104mPASSED[0m: yarn-project/scripts/run_test.sh foundation/src/schemas/parse.test.ts (2s)
[38;2;97;214;104mPASSED[0m: yarn-project/scripts/run_test.sh blob-sink/src/types/blob_with_index.test.ts (6s)
[38;2;97;214;104mPASSED[0m: yarn-project/scripts/run_test.sh foundation/src/queue/batch_queue.test.ts (2s)
[38;2;97;214;104mPASSED[0m: yarn-project/scripts/run_test.sh foundation/src/json-rpc/server/safe_json_rpc_server.test.ts (2s)
[38;2;97;214;104mPASSED[0m: ISOLATE=1 yarn-project/scripts/run_test.sh p2p/src/mem_pools/attestation_pool/memory_attestation_pool.test.ts (7s)
[38;2;97;214;104mPASSED[0m: yarn-project/scripts/run_test.sh foundation/src/json-rpc/test/integration.test.ts (2s)
[38;2;97;214;104mPASSED[0m: yarn-project/scripts/run_test.sh foundation/src/serialize/field_reader.test.ts (1s)
[38;2;97;214;104mPASSED[0m: yarn-project/scripts/run_test.sh foundation/src/serialize/free_funcs.test.ts (1s)
[38;2;97;214;104mPASSED[0m: yarn-project/scripts/run_test.sh foundation/src/serialize/types.test.ts (1s)
[38;2;97;214;104mPASSED[0m: ISOLATE=1 yarn-project/scripts/run_test.sh p2p/src/msg_validators/tx_validator/archive_cache.test.ts (7s)
[38;2;97;214;104mPASSED[0m: yarn-project/scripts/run_test.sh foundation/src/serialize/type_registry.test.ts (1s)
[38;2;230;69;83mFAILED[0m ([38;2;250;217;121m]8;;http://ci.aztec-labs.com/66b2a5e92e32292466b2a5e92e322924]8;;[0m): yarn-project/scripts/run_test.sh bb-prover/src/avm_proving_tests/avm_check_circuit2.test.ts (7s) (code: 1)
[38;2;97;214;104mPASSED[0m: yarn-project/scripts/run_test.sh foundation/src/serialize/buffer_reader.test.ts (1s)
[38;2;97;214;104mPASSED[0m: ISOLATE=1 yarn-project/scripts/run_test.sh p2p/src/services/reqresp/protocols/goodbye.test.ts (7s)
[38;2;230;69;83mFAILED[0m ([38;2;250;217;121m]8;;http://ci.aztec-labs.com/d0149bda9a0ddc47d0149bda9a0ddc47]8;;[0m): yarn-project/scripts/run_test.sh bb-prover/src/avm_proving_tests/avm_check_circuit3.test.ts (7s) (code: 1)
[38;2;97;214;104mPASSED[0m: yarn-project/scripts/run_test.sh foundation/src/trees/unbalanced_merkle_tree.test.ts (1s)
[38;2;97;214;104mPASSED[0m: yarn-project/scripts/run_test.sh foundation/src/sleep/sleep.test.ts (2s)
[38;2;97;214;104mPASSED[0m: yarn-project/scripts/run_test.sh foundation/src/timer/date.test.ts (2s)
[38;2;97;214;104mPASSED[0m: yarn-project/scripts/run_test.sh foundation/src/queue/priority_memory_queue.test.ts (3s)
[38;2;97;214;104mPASSED[0m: yarn-project/scripts/run_test.sh foundation/src/trees/indexed_merkle_tree_calculator.test.ts (2s)
[38;2;97;214;104mPASSED[0m: yarn-project/scripts/run_test.sh foundation/src/timer/timeout.test.ts (2s)
[38;2;97;214;104mPASSED[0m: yarn-project/scripts/run_test.sh foundation/src/mutex/mutex.test.ts (3s)
[38;2;97;214;104mPASSED[0m: yarn-project/scripts/run_test.sh foundation/src/trees/merkle_tree_calculator.test.ts (2s)
[38;2;97;214;104mPASSED[0m: yarn-project/scripts/run_test.sh foundation/src/trees/sibling_path.test.ts (2s)
[38;2;97;214;104mPASSED[0m: yarn-project/scripts/run_test.sh ivc-integration/src/browser_client_ivc_integration.test.ts (2s)
[38;2;97;214;104mPASSED[0m: yarn-project/scripts/run_test.sh merkle-tree/src/unbalanced_tree.test.ts (2s)
[38;2;230;69;83mFAILED[0m ([38;2;250;217;121m]8;;http://ci.aztec-labs.com/6eab552425daec1a6eab552425daec1a]8;;[0m): yarn-project/scripts/run_test.sh bb-prover/src/avm_proving_tests/avm_check_circuit1.test.ts (9s) (code: 1)
[38;2;97;214;104mPASSED[0m: yarn-project/scripts/run_test.sh key-store/src/key_store.test.ts (2s)
[38;2;97;214;104mPASSED[0m: yarn-project/scripts/run_test.sh protocol-contracts/src/class-registerer/private_function_broadcasted_event.test.ts (2s)
[38;2;97;214;104mPASSED[0m: yarn-project/scripts/run_test.sh noir-protocol-circuits-types/src/noir_test_gen.test.ts (2s)
[38;2;97;214;104mPASSED[0m: yarn-project/scripts/run_test.sh protocol-contracts/src/class-registerer/utility_function_broadcasted_event.test.ts (2s)
[38;2;97;214;104mPASSED[0m: yarn-project/scripts/run_test.sh protocol-contracts/src/class-registerer/contract_class_registered_event.test.ts (2s)
[38;2;97;214;104mPASSED[0m: yarn-project/scripts/run_test.sh protocol-contracts/src/instance-deployer/contract_instance_deployed_event.test.ts (1s)
[38;2;97;214;104mPASSED[0m: yarn-project/scripts/run_test.sh merkle-tree/src/snapshots/full_snapshot.test.ts (2s)
[38;2;97;214;104mPASSED[0m: yarn-project/scripts/run_test.sh merkle-tree/src/snapshots/append_only_snapshot.test.ts (2s)
[38;2;97;214;104mPASSED[0m: yarn-project/scripts/run_test.sh merkle-tree/src/standard_tree/standard_tree.test.ts (2s)
[38;2;97;214;104mPASSED[0m: yarn-project/scripts/run_test.sh noir-protocol-circuits-types/src/conversion/type_conversion.test.ts (3s)
[38;2;97;214;104mPASSED[0m: yarn-project/scripts/run_test.sh merkle-tree/src/sparse_tree/sparse_tree.test.ts (3s)
[38;2;97;214;104mPASSED[0m: FAKE_PROOFS=1 yarn-project/scripts/run_test.sh prover-client/src/test/bb_prover_full_rollup.test.ts (10s)
[38;2;97;214;104mPASSED[0m: yarn-project/scripts/run_test.sh merkle-tree/src/snapshots/indexed_tree_snapshot.test.ts (3s)
[38;2;97;214;104mPASSED[0m: ISOLATE=1 yarn-project/scripts/run_test.sh aztec/src/test/upgrade.test.ts (10s)
[38;2;97;214;104mPASSED[0m: ISOLATE=1 yarn-project/scripts/run_test.sh prover-node/src/job/epoch-proving-job.test.ts (11s)
[38;2;97;214;104mPASSED[0m: yarn-project/scripts/run_test.sh prover-client/src/orchestrator/block_building_helpers.test.ts (2s)
[38;2;97;214;104mPASSED[0m: ISOLATE=1 yarn-project/scripts/run_test.sh p2p/src/mem_pools/attestation_pool/kv_attestation_pool.test.ts (11s)
[38;2;97;214;104mPASSED[0m: ISOLATE=1 yarn-project/scripts/run_test.sh p2p/src/services/peer-manager/peer_scoring.test.ts (11s)
[38;2;97;214;104mPASSED[0m: ISOLATE=1 yarn-project/scripts/run_test.sh p2p/src/mem_pools/tx_pool/memory_tx_pool.test.ts (11s)
[38;2;97;214;104mPASSED[0m: yarn-project/scripts/run_test.sh pxe/src/storage/note_data_provider/note_dao.test.ts (2s)
[38;2;97;214;104mPASSED[0m: ISOLATE=1 yarn-project/scripts/run_test.sh p2p/src/msg_validators/attestation_validator/attestation_validator.test.ts (11s)
[38;2;97;214;104mPASSED[0m: ISOLATE=1 yarn-project/scripts/run_test.sh p2p/src/services/reqresp/rate-limiter/rate_limiter.test.ts (11s)
[38;2;97;214;104mPASSED[0m: yarn-project/scripts/run_test.sh pxe/src/storage/address_data_provider/address_data_provider.test.ts (2s)
[38;2;97;214;104mPASSED[0m: ISOLATE=1 yarn-project/scripts/run_test.sh p2p/src/msg_validators/tx_validator/block_header_validator.test.ts (11s)
[38;2;97;214;104mPASSED[0m: ISOLATE=1 yarn-project/scripts/run_test.sh ethereum/src/test/start_anvil.test.ts (11s)
[38;2;97;214;104mPASSED[0m: ISOLATE=1 yarn-project/scripts/run_test.sh p2p/src/msg_validators/tx_validator/metadata_validator.test.ts (11s)
[38;2;230;69;83mFAILED[0m ([38;2;250;217;121m]8;;http://ci.aztec-labs.com/e81e44a4138c8007e81e44a4138c8007]8;;[0m): ISOLATE=1 yarn-project/scripts/run_test.sh ethereum/src/eth_cheat_codes.test.ts (11s) (code: 1)
[38;2;97;214;104mPASSED[0m: ISOLATE=1 yarn-project/scripts/run_test.sh p2p/src/msg_validators/tx_validator/double_spend_validator.test.ts (12s)
[38;2;97;214;104mPASSED[0m: yarn-project/scripts/run_test.sh sequencer-client/src/tx_validator/nullifier_cache.test.ts (1s)
[38;2;97;214;104mPASSED[0m: ISOLATE=1 yarn-project/scripts/run_test.sh ethereum/src/test/fallback_transport.test.ts (12s)
[38;2;97;214;104mPASSED[0m: yarn-project/scripts/run_test.sh simulator/src/private/pick_notes.test.ts (2s)
[38;2;97;214;104mPASSED[0m: ISOLATE=1 yarn-project/scripts/run_test.sh p2p/src/msg_validators/tx_validator/aggregate_tx_validator.test.ts (12s)
[38;2;97;214;104mPASSED[0m: ISOLATE=1 yarn-project/scripts/run_test.sh p2p/src/msg_validators/tx_validator/phases_validator.test.ts (12s)
[38;2;97;214;104mPASSED[0m: yarn-project/scripts/run_test.sh pxe/src/private_kernel/private_kernel_execution_prover.test.ts (3s)
[38;2;97;214;104mPASSED[0m: yarn-project/scripts/run_test.sh aztec-node/src/aztec-node/server.test.ts (12s)
[38;2;97;214;104mPASSED[0m: yarn-project/scripts/run_test.sh pxe/src/storage/private_event_data_provider/private_event_data_provider.test.ts (3s)
[38;2;97;214;104mPASSED[0m: yarn-project/scripts/run_test.sh pxe/src/storage/sync_data_provider/sync_data_provider.test.ts (3s)
[38;2;97;214;104mPASSED[0m: ISOLATE=1 yarn-project/scripts/run_test.sh p2p/src/msg_validators/block_proposal_validator/block_proposal_validator.test.ts (12s)
[38;2;97;214;104mPASSED[0m: ISOLATE=1 yarn-project/scripts/run_test.sh ethereum/src/contracts/forwarder.test.ts (12s)
[38;2;97;214;104mPASSED[0m: yarn-project/scripts/run_test.sh prover-client/src/proving_broker/proving_agent.test.ts (3s)
[38;2;97;214;104mPASSED[0m: yarn-project/scripts/run_test.sh merkle-tree/src/standard_indexed_tree/test/standard_indexed_tree.test.ts (5s)
[38;2;97;214;104mPASSED[0m: ISOLATE=1 yarn-project/scripts/run_test.sh ethereum/src/contracts/governance.test.ts (12s)
[38;2;97;214;104mPASSED[0m: ISOLATE=1 yarn-project/scripts/run_test.sh prover-node/src/prover-node.test.ts (13s)
[38;2;97;214;104mPASSED[0m: yarn-project/scripts/run_test.sh prover-client/src/proving_broker/proving_job_controller.test.ts (3s)
[38;2;97;214;104mPASSED[0m: yarn-project/scripts/run_test.sh pxe/src/synchronizer/synchronizer.test.ts (3s)
[38;2;97;214;104mPASSED[0m: yarn-project/scripts/run_test.sh sequencer-client/src/sequencer/timetable.test.ts (2s)
[38;2;97;214;104mPASSED[0m: yarn-project/scripts/run_test.sh simulator/src/public/avm/avm_memory_types.test.ts (2s)
[38;2;97;214;104mPASSED[0m: ISOLATE=1 yarn-project/scripts/run_test.sh p2p/src/msg_validators/tx_validator/gas_validator.test.ts (13s)
[38;2;97;214;104mPASSED[0m: ISOLATE=1 yarn-project/scripts/run_test.sh ethereum/src/contracts/registry.test.ts (13s)
[38;2;97;214;104mPASSED[0m: yarn-project/scripts/run_test.sh simulator/src/public/avm/opcodes/addressing_mode.test.ts (2s)
[38;2;97;214;104mPASSED[0m: yarn-project/scripts/run_test.sh prover-client/src/orchestrator/orchestrator_lifecycle.test.ts (5s)
[38;2;97;214;104mPASSED[0m: ISOLATE=1 yarn-project/scripts/run_test.sh ethereum/src/contracts/fee_asset_handler.test.ts (13s)
[38;2;97;214;104mPASSED[0m: ISOLATE=1 yarn-project/scripts/run_test.sh p2p/src/mem_pools/tx_pool/aztec_kv_tx_pool.test.ts (13s)
[38;2;97;214;104mPASSED[0m: ISOLATE=1 yarn-project/scripts/run_test.sh p2p/src/msg_validators/tx_validator/data_validator.test.ts (13s)
[38;2;97;214;104mPASSED[0m: ISOLATE=1 yarn-project/scripts/run_test.sh p2p/src/services/peer-manager/peer_manager.test.ts (13s)
[38;2;97;214;104mPASSED[0m: yarn-project/scripts/run_test.sh simulator/src/private/utility_execution.test.ts (3s)
[38;2;97;214;104mPASSED[0m: ISOLATE=1 yarn-project/scripts/run_test.sh ethereum/src/deploy_l1_contracts.test.ts (13s)
[38;2;97;214;104mPASSED[0m: yarn-project/scripts/run_test.sh simulator/src/public/avm/avm_gas.test.ts (3s)
[38;2;97;214;104mPASSED[0m: yarn-project/scripts/run_test.sh simulator/src/public/avm/avm_execution_environment.test.ts (4s)
[38;2;97;214;104mPASSED[0m: yarn-project/scripts/run_test.sh pxe/src/storage/note_data_provider/note_data_provider.test.ts (5s)
[38;2;97;214;104mPASSED[0m: yarn-project/scripts/run_test.sh simulator/src/public/avm/avm_context.test.ts (4s)
[38;2;97;214;104mPASSED[0m: yarn-project/scripts/run_test.sh simulator/src/public/avm/serialization/instruction_serialization.test.ts (2s)
[38;2;97;214;104mPASSED[0m: yarn-project/scripts/run_test.sh prover-client/src/proving_broker/proving_broker_database/broker_persisted_database.test.ts (5s)
[38;2;97;214;104mPASSED[0m: yarn-project/scripts/run_test.sh simulator/src/public/avm/serialization/bytecode_serialization.test.ts (2s)
[38;2;97;214;104mPASSED[0m: yarn-project/scripts/run_test.sh pxe/src/test/pxe_service.test.ts (5s)
[38;2;97;214;104mPASSED[0m: yarn-project/scripts/run_test.sh simulator/src/public/avm/opcodes/arithmetic.test.ts (3s)
[38;2;97;214;104mPASSED[0m: yarn-project/scripts/run_test.sh simulator/src/public/avm/opcodes/bitwise.test.ts (4s)
[38;2;97;214;104mPASSED[0m: yarn-project/scripts/run_test.sh simulator/src/public/avm/opcodes/comparators.test.ts (4s)
[38;2;97;214;104mPASSED[0m: yarn-project/scripts/run_test.sh simulator/src/public/avm/opcodes/accrued_substate.test.ts (4s)
[38;2;97;214;104mPASSED[0m: yarn-project/scripts/run_test.sh simulator/src/public/state_manager/nullifiers.test.ts (2s)
[38;2;97;214;104mPASSED[0m: yarn-project/scripts/run_test.sh simulator/src/public/avm/opcodes/control_flow.test.ts (3s)
[38;2;97;214;104mPASSED[0m: yarn-project/scripts/run_test.sh simulator/src/public/avm/opcodes/conversion.test.ts (3s)
[38;2;97;214;104mPASSED[0m: yarn-project/scripts/run_test.sh simulator/src/public/state_manager/public_storage.test.ts (2s)
[38;2;97;214;104mPASSED[0m: yarn-project/scripts/run_test.sh simulator/src/public/avm/opcodes/contract.test.ts (4s)
[38;2;97;214;104mPASSED[0m: yarn-project/scripts/run_test.sh simulator/src/public/avm/opcodes/memory.test.ts (3s)
[38;2;97;214;104mPASSED[0m: yarn-project/scripts/run_test.sh stdlib/src/abi/buffer.test.ts (2s)
[38;2;97;214;104mPASSED[0m: yarn-project/scripts/run_test.sh simulator/src/public/avm/apps_tests/token.test.ts (5s)
[38;2;97;214;104mPASSED[0m: yarn-project/scripts/run_test.sh simulator/src/public/avm/opcodes/environment_getters.test.ts (3s)
[38;2;97;214;104mPASSED[0m: yarn-project/scripts/run_test.sh simulator/src/public/avm/opcodes/hashing.test.ts (3s)
[38;2;97;214;104mPASSED[0m: yarn-project/scripts/run_test.sh stdlib/src/abi/abi.test.ts (2s)
[38;2;97;214;104mPASSED[0m: yarn-project/scripts/run_test.sh simulator/src/public/avm/opcodes/ec_add.test.ts (3s)
[38;2;97;214;104mPASSED[0m: yarn-project/scripts/run_test.sh stdlib/src/abi/decoder.test.ts (1s)
[38;2;97;214;104mPASSED[0m: yarn-project/scripts/run_test.sh stdlib/src/abi/utils.test.ts (2s)
[38;2;97;214;104mPASSED[0m: yarn-project/scripts/run_test.sh simulator/src/public/avm/opcodes/external_calls.test.ts (4s)
[38;2;97;214;104mPASSED[0m: yarn-project/scripts/run_test.sh simulator/src/public/avm/opcodes/storage.test.ts (4s)
[38;2;97;214;104mPASSED[0m: yarn-project/scripts/run_test.sh pxe/src/storage/contract_data_provider/contract_data_provider.test.ts (7s)
[38;2;97;214;104mPASSED[0m: yarn-project/scripts/run_test.sh stdlib/src/abi/encoder.test.ts (2s)
[38;2;97;214;104mPASSED[0m: yarn-project/scripts/run_test.sh stdlib/src/abi/function_selector.test.ts (2s)
[38;2;97;214;104mPASSED[0m: yarn-project/scripts/run_test.sh stdlib/src/avm/revert_code.test.ts (2s)
[38;2;97;214;104mPASSED[0m: yarn-project/scripts/run_test.sh simulator/src/public/side_effect_trace.test.ts (3s)
[38;2;97;214;104mPASSED[0m: yarn-project/scripts/run_test.sh pxe/src/storage/capsule_data_provider/capsule_data_provider.test.ts (7s)
[38;2;97;214;104mPASSED[0m: yarn-project/scripts/run_test.sh stdlib/src/block/l2_block_stream/l2_block_stream.test.ts (2s)
[38;2;97;214;104mPASSED[0m: yarn-project/scripts/run_test.sh stdlib/src/aztec-address/aztec-address.test.ts (2s)
[38;2;97;214;104mPASSED[0m: yarn-project/scripts/run_test.sh pxe/src/pxe_oracle_interface/pxe_oracle_interface.test.ts (8s)
[38;2;97;214;104mPASSED[0m: yarn-project/scripts/run_test.sh simulator/src/public/state_manager/state_manager.test.ts (4s)
[38;2;97;214;104mPASSED[0m: yarn-project/scripts/run_test.sh simulator/src/public/public_processor/public_processor.test.ts (5s)
[38;2;97;214;104mPASSED[0m: yarn-project/scripts/run_test.sh stdlib/src/contract/contract_instance_update.test.ts (2s)
[38;2;97;214;104mPASSED[0m: yarn-project/scripts/run_test.sh stdlib/src/contract/contract_address.test.ts (2s)
[38;2;97;214;104mPASSED[0m: yarn-project/scripts/run_test.sh stdlib/src/block/body.test.ts (2s)
[38;2;97;214;104mPASSED[0m: yarn-project/scripts/run_test.sh stdlib/src/avm/contract_storage_read.test.ts (3s)
[38;2;97;214;104mPASSED[0m: yarn-project/scripts/run_test.sh stdlib/src/block/l2_block.test.ts (2s)
[38;2;97;214;104mPASSED[0m: yarn-project/scripts/run_test.sh stdlib/src/contract/complete_address.test.ts (2s)
[38;2;97;214;104mPASSED[0m: yarn-project/scripts/run_test.sh stdlib/src/contract/contract_class_id.test.ts (2s)
[38;2;97;214;104mPASSED[0m: yarn-project/scripts/run_test.sh stdlib/src/database-version/version_manager.test.ts (2s)
[38;2;97;214;104mPASSED[0m: yarn-project/scripts/run_test.sh stdlib/src/contract/artifact_hash.test.ts (3s)
[38;2;97;214;104mPASSED[0m: yarn-project/scripts/run_test.sh sequencer-client/src/sequencer/sequencer.test.ts (8s)
[38;2;97;214;104mPASSED[0m: yarn-project/scripts/run_test.sh stdlib/src/avm/contract_storage_update_request.test.ts (4s)
[38;2;97;214;104mPASSED[0m: yarn-project/scripts/run_test.sh stdlib/src/contract/contract_class.test.ts (3s)
[38;2;97;214;104mPASSED[0m: yarn-project/scripts/run_test.sh stdlib/src/contract/contract_instance.test.ts (3s)
[38;2;97;214;104mPASSED[0m: yarn-project/scripts/run_test.sh stdlib/src/epoch-helpers/index.test.ts (2s)
[38;2;97;214;104mPASSED[0m: yarn-project/scripts/run_test.sh stdlib/src/file-store/local.test.ts (2s)
[38;2;97;214;104mPASSED[0m: yarn-project/scripts/run_test.sh stdlib/src/fees/transaction_fee.test.ts (2s)
[38;2;97;214;104mPASSED[0m: yarn-project/scripts/run_test.sh simulator/src/public/public_tx_simulator/apps_tests/avm_test.test.ts (5s)
[38;2;97;214;104mPASSED[0m: yarn-project/scripts/run_test.sh stdlib/src/contract/private_function_membership_proof.test.ts (2s)
[38;2;97;214;104mPASSED[0m: yarn-project/scripts/run_test.sh prover-client/src/proving_broker/broker_prover_facade.test.ts (10s)
[38;2;97;214;104mPASSED[0m: yarn-project/scripts/run_test.sh stdlib/src/hash/map_slot.test.ts (2s)
[38;2;97;214;104mPASSED[0m: yarn-project/scripts/run_test.sh stdlib/src/contract/private_function.test.ts (3s)
[38;2;97;214;104mPASSED[0m: yarn-project/scripts/run_test.sh stdlib/src/interfaces/get_logs_response.test.ts (2s)
[38;2;97;214;104mPASSED[0m: yarn-project/scripts/run_test.sh stdlib/src/interfaces/aztec-node-admin.test.ts (3s)
[38;2;97;214;104mPASSED[0m: yarn-project/scripts/run_test.sh prover-client/src/orchestrator/orchestrator_public_functions.test.ts (11s)
[38;2;97;214;104mPASSED[0m: yarn-project/scripts/run_test.sh stdlib/src/interfaces/prover-agent.test.ts (2s)
[38;2;97;214;104mPASSED[0m: yarn-project/scripts/run_test.sh prover-client/src/proving_broker/proving_broker_agent_integration.test.ts (10s)
[38;2;97;214;104mPASSED[0m: ISOLATE=1 yarn-project/scripts/run_test.sh p2p/src/services/data_store.test.ts (19s)
[38;2;97;214;104mPASSED[0m: yarn-project/scripts/run_test.sh stdlib/src/interfaces/prover-node.test.ts (2s)
[38;2;97;214;104mPASSED[0m: yarn-project/scripts/run_test.sh stdlib/src/kernel/hints/find_private_kernel_reset_dimensions.test.ts (2s)
[38;2;97;214;104mPASSED[0m: yarn-project/scripts/run_test.sh stdlib/src/kernel/hints/build_transient_data_hints.test.ts (2s)
[38;2;97;214;104mPASSED[0m: yarn-project/scripts/run_test.sh stdlib/src/hash/hash.test.ts (3s)
[38;2;97;214;104mPASSED[0m: yarn-project/scripts/run_test.sh stdlib/src/abi/contract_artifact.test.ts (5s)
[38;2;97;214;104mPASSED[0m: yarn-project/scripts/run_test.sh stdlib/src/kernel/utils/utils.test.ts (1s)
[38;2;97;214;104mPASSED[0m: yarn-project/scripts/run_test.sh stdlib/src/interfaces/proving-job-source.test.ts (2s)
[38;2;97;214;104mPASSED[0m: yarn-project/scripts/run_test.sh stdlib/src/kernel/hints/build_note_hash_read_request_hints.test.ts (2s)
[38;2;97;214;104mPASSED[0m: yarn-project/scripts/run_test.sh stdlib/src/kernel/hints/build_nullifier_read_request_hints.test.ts (3s)
[38;2;97;214;104mPASSED[0m: yarn-project/scripts/run_test.sh stdlib/src/logs/log_id.test.ts (2s)
[38;2;97;214;104mPASSED[0m: yarn-project/scripts/run_test.sh stdlib/src/keys/derivation.test.ts (2s)
[38;2;97;214;104mPASSED[0m: yarn-project/scripts/run_test.sh stdlib/src/interfaces/p2p.test.ts (3s)
[38;2;97;214;104mPASSED[0m: yarn-project/scripts/run_test.sh stdlib/src/logs/pending_tagged_log.test.ts (2s)
[38;2;97;214;104mPASSED[0m: yarn-project/scripts/run_test.sh stdlib/src/keys/public_keys.test.ts (2s)
[38;2;97;214;104mPASSED[0m: yarn-project/scripts/run_test.sh stdlib/src/logs/private_log.test.ts (2s)
[38;2;97;214;104mPASSED[0m: yarn-project/scripts/run_test.sh stdlib/src/contract/utility_function_membership_proof.test.ts (4s)
[38;2;97;214;104mPASSED[0m: yarn-project/scripts/run_test.sh stdlib/src/logs/contract_class_log.test.ts (2s)
[38;2;97;214;104mPASSED[0m: yarn-project/scripts/run_test.sh simulator/src/public/public_tx_simulator/apps_tests/token.test.ts (7s)
[38;2;97;214;104mPASSED[0m: yarn-project/scripts/run_test.sh stdlib/src/kernel/private_to_rollup_accumulated_data.test.ts (2s)
[38;2;97;214;104mPASSED[0m: yarn-project/scripts/run_test.sh stdlib/src/kernel/private_circuit_public_inputs.test.ts (3s)
[38;2;97;214;104mPASSED[0m: yarn-project/scripts/run_test.sh stdlib/src/kernel/private_kernel_tail_circuit_public_inputs.test.ts (2s)
[38;2;97;214;104mPASSED[0m: yarn-project/scripts/run_test.sh stdlib/src/note/note.test.ts (1s)
[38;2;97;214;104mPASSED[0m: yarn-project/scripts/run_test.sh stdlib/src/logs/public_log.test.ts (2s)
[38;2;97;214;104mPASSED[0m: yarn-project/scripts/run_test.sh stdlib/src/messaging/l1_to_l2_message.test.ts (2s)
[38;2;97;214;104mPASSED[0m: yarn-project/scripts/run_test.sh simulator/src/public/public_processor/apps_tests/token.test.ts (9s)
[38;2;97;214;104mPASSED[0m: yarn-project/scripts/run_test.sh stdlib/src/messaging/l2_to_l1_message.test.ts (2s)
[38;2;97;214;104mPASSED[0m: yarn-project/scripts/run_test.sh simulator/src/public/public_tx_simulator/apps_tests/amm.test.ts (8s)
[38;2;97;214;104mPASSED[0m: yarn-project/scripts/run_test.sh prover-client/src/proving_broker/proving_broker.test.ts (13s)
[38;2;97;214;104mPASSED[0m: yarn-project/scripts/run_test.sh stdlib/src/note/extended_note.test.ts (3s)
[38;2;97;214;104mPASSED[0m: yarn-project/scripts/run_test.sh stdlib/src/parity/base_parity_inputs.test.ts (3s)
[38;2;97;214;104mPASSED[0m: yarn-project/scripts/run_test.sh stdlib/src/parity/parity_public_inputs.test.ts (3s)
[38;2;97;214;104mPASSED[0m: yarn-project/scripts/run_test.sh simulator/src/public/public_processor/apps_tests/deployments.test.ts (10s)
[38;2;97;214;104mPASSED[0m: yarn-project/scripts/run_test.sh stdlib/src/p2p/block_proposal.test.ts (3s)
[38;2;97;214;104mPASSED[0m: yarn-project/scripts/run_test.sh stdlib/src/parity/root_parity_input.test.ts (3s)
[38;2;97;214;104mPASSED[0m: yarn-project/scripts/run_test.sh stdlib/src/parity/root_parity_inputs.test.ts (3s)
[38;2;97;214;104mPASSED[0m: yarn-project/scripts/run_test.sh stdlib/src/schemas/schemas.test.ts (2s)
[38;2;97;214;104mPASSED[0m: yarn-project/scripts/run_test.sh stdlib/src/p2p/block_attestation.test.ts (3s)
[38;2;97;214;104mPASSED[0m: yarn-project/scripts/run_test.sh stdlib/src/snapshots/index.test.ts (2s)
[38;2;97;214;104mPASSED[0m: yarn-project/scripts/run_test.sh stdlib/src/rollup/base_or_merge_rollup_public_inputs.test.ts (3s)
[38;2;97;214;104mPASSED[0m: yarn-project/scripts/run_test.sh stdlib/src/avm/avm.test.ts (8s)
[38;2;97;214;104mPASSED[0m: yarn-project/scripts/run_test.sh stdlib/src/proofs/proof.test.ts (3s)
[38;2;97;214;104mPASSED[0m: yarn-project/scripts/run_test.sh stdlib/src/shared_mutable/shared_mutable_values.test.ts (2s)
[38;2;97;214;104mPASSED[0m: yarn-project/scripts/run_test.sh stdlib/src/rollup/block_root_or_block_merge_public_inputs.test.ts (2s)
[38;2;97;214;104mPASSED[0m: yarn-project/scripts/run_test.sh stdlib/src/rollup/block_merge_rollup.test.ts (3s)
[38;2;97;214;104mPASSED[0m: yarn-project/scripts/run_test.sh stdlib/src/tx/function_data.test.ts (1s)
[38;2;97;214;104mPASSED[0m: yarn-project/scripts/run_test.sh stdlib/src/rollup/merge_rollup.test.ts (3s)
[38;2;97;214;104mPASSED[0m: yarn-project/scripts/run_test.sh stdlib/src/rollup/previous_rollup_block_data.test.ts (3s)
[38;2;97;214;104mPASSED[0m: yarn-project/scripts/run_test.sh stdlib/src/tx/hashed_values.test.ts (2s)
[38;2;97;214;104mPASSED[0m: yarn-project/scripts/run_test.sh stdlib/src/rollup/previous_rollup_data.test.ts (3s)
[38;2;97;214;104mPASSED[0m: yarn-project/scripts/run_test.sh stdlib/src/rollup/empty_block_root_rollup_inputs.test.ts (3s)
[38;2;97;214;104mPASSED[0m: yarn-project/scripts/run_test.sh stdlib/src/rollup/public_base_rollup_inputs.test.ts (3s)
[38;2;97;214;104mPASSED[0m: yarn-project/scripts/run_test.sh stdlib/src/interfaces/archiver.test.ts (7s)
[38;2;97;214;104mPASSED[0m: yarn-project/scripts/run_test.sh stdlib/src/rollup/state_diff_hints.test.ts (3s)
[38;2;97;214;104mPASSED[0m: yarn-project/scripts/run_test.sh stdlib/src/rollup/root_rollup.test.ts (3s)
[38;2;97;214;104mPASSED[0m: yarn-project/scripts/run_test.sh stdlib/src/tx/profiled_tx.test.ts (2s)
[38;2;97;214;104mPASSED[0m: yarn-project/scripts/run_test.sh prover-client/src/orchestrator/orchestrator_errors.test.ts (15s)
[38;2;97;214;104mPASSED[0m: yarn-project/scripts/run_test.sh stdlib/src/interfaces/aztec-node.test.ts (7s)
[38;2;97;214;104mPASSED[0m: yarn-project/scripts/run_test.sh stdlib/src/trees/public_data_witness.test.ts (3s)
[38;2;97;214;104mPASSED[0m: yarn-project/scripts/run_test.sh stdlib/src/rollup/block_root_rollup.test.ts (3s)
[38;2;97;214;104mPASSED[0m: yarn-project/scripts/run_test.sh stdlib/src/tx/content_commitment.test.ts (3s)
[38;2;97;214;104mPASSED[0m: yarn-project/scripts/run_test.sh stdlib/src/tx/call_context.test.ts (3s)
[38;2;97;214;104mPASSED[0m: yarn-project/scripts/run_test.sh simulator/src/public/avm/avm_simulator.test.ts (12s)
[38;2;97;214;104mPASSED[0m: yarn-project/scripts/run_test.sh stdlib/src/tx/global_variables.test.ts (2s)
[38;2;97;214;104mPASSED[0m: yarn-project/scripts/run_test.sh stdlib/src/tx/private_execution_result.test.ts (2s)
[38;2;97;214;104mPASSED[0m: yarn-project/scripts/run_test.sh stdlib/src/tx/block_header.test.ts (4s)
[38;2;97;214;104mPASSED[0m: yarn-project/scripts/run_test.sh stdlib/src/tx/partial_state_reference.test.ts (3s)
[38;2;97;214;104mPASSED[0m: yarn-project/scripts/run_test.sh stdlib/src/tx/public_simulation_output.test.ts (3s)
[38;2;97;214;104mPASSED[0m: yarn-project/scripts/run_test.sh stdlib/src/tx/proven_tx.test.ts (3s)
[38;2;97;214;104mPASSED[0m: yarn-project/scripts/run_test.sh stdlib/src/tx/tx_receipt.test.ts (2s)
[38;2;97;214;104mPASSED[0m: yarn-project/scripts/run_test.sh stdlib/src/vks/verification_key.test.ts (2s)
[38;2;97;214;104mPASSED[0m: yarn-project/scripts/run_test.sh telemetry-client/src/prom_otel_adapter.test.ts (2s)
[38;2;97;214;104mPASSED[0m: yarn-project/scripts/run_test.sh stdlib/src/interfaces/pxe.test.ts (7s)
[38;2;97;214;104mPASSED[0m: yarn-project/scripts/run_test.sh stdlib/src/tx/state_reference.test.ts (2s)
[38;2;97;214;104mPASSED[0m: yarn-project/scripts/run_test.sh stdlib/src/tx/tx_execution_request.test.ts (2s)
[38;2;97;214;104mPASSED[0m: yarn-project/scripts/run_test.sh stdlib/src/versioning/versioning.test.ts (2s)
[38;2;97;214;104mPASSED[0m: yarn-project/scripts/run_test.sh stdlib/src/tx/tx_effect.test.ts (2s)
[38;2;97;214;104mPASSED[0m: yarn-project/scripts/run_test.sh stdlib/src/tx/tx_context.test.ts (2s)
[38;2;97;214;104mPASSED[0m: ISOLATE=1 yarn-project/scripts/run_test.sh ethereum/src/l1_tx_utils.test.ts (24s)
[38;2;97;214;104mPASSED[0m: yarn-project/scripts/run_test.sh stdlib/src/tx/tx.test.ts (3s)
[38;2;97;214;104mPASSED[0m: yarn-project/scripts/run_test.sh stdlib/src/tx/simulated_tx.test.ts (4s)
[38;2;97;214;104mPASSED[0m: yarn-project/scripts/run_test.sh stdlib/src/tx/tx_request.test.ts (3s)
[38;2;97;214;104mPASSED[0m: yarn-project/scripts/run_test.sh sequencer-client/src/publisher/sequencer-publisher.test.ts (15s)
[38;2;97;214;104mPASSED[0m: yarn-project/scripts/run_test.sh validator-client/src/duties/validation_service.test.ts (4s)
[38;2;230;69;83mFAILED[0m ([38;2;250;217;121m]8;;http://ci.aztec-labs.com/688412d49b682c81688412d49b682c81]8;;[0m): yarn-project/scripts/run_test.sh ivc-integration/src/rollup_ivc_integration.test.ts (20s) (code: 1)
[38;2;230;69;83mFAILED[0m ([38;2;250;217;121m]8;;http://ci.aztec-labs.com/d97cfc534a8e139cd97cfc534a8e139c]8;;[0m): yarn-project/scripts/run_test.sh ivc-integration/src/avm_integration.test.ts (21s) (code: 1)
[38;2;97;214;104mPASSED[0m: yarn-project/scripts/run_test.sh simulator/src/public/public_tx_simulator/public_tx_simulator.test.ts (15s)
[38;2;97;214;104mPASSED[0m: yarn-project/scripts/run_test.sh validator-client/src/validator.test.ts (6s)
[38;2;97;214;104mPASSED[0m: yarn-project/scripts/run_test.sh simulator/src/public/avm/apps_tests/avm_test.test.ts (18s)
[38;2;97;214;104mPASSED[0m: yarn-project/scripts/run_test.sh world-state/src/synchronizer/server_world_state_synchronizer.test.ts (6s)
[38;2;97;214;104mPASSED[0m: yarn-project/scripts/run_test.sh simulator/src/private/private_execution.test.ts (21s)
[38;2;97;214;104mPASSED[0m: yarn-project/scripts/run_test.sh archiver/src/archiver/archiver.test.ts (31s)
[38;2;97;214;104mPASSED[0m: yarn-project/scripts/run_test.sh prover-client/src/orchestrator/orchestrator_single_blocks.test.ts (23s)
[38;2;97;214;104mPASSED[0m: yarn-project/scripts/run_test.sh prover-client/src/block_builder/light.test.ts (24s)
[38;2;97;214;104mPASSED[0m: ISOLATE=1 yarn-project/scripts/run_test.sh ethereum/src/test/tx_delayer.test.ts (32s)
[38;2;97;214;104mPASSED[0m: cd yarn-project/kv-store && yarn test (9s)
[38;2;97;214;104mPASSED[0m: yarn-project/scripts/run_test.sh prover-client/src/orchestrator/orchestrator_workflow.test.ts (24s)
[38;2;97;214;104mPASSED[0m: yarn-project/scripts/run_test.sh simulator/src/public/public_tx_simulator/apps_tests/bench.test.ts (22s)
[38;2;97;214;104mPASSED[0m: yarn-project/scripts/run_test.sh world-state/src/test/integration.test.ts (12s)
[38;2;97;214;104mPASSED[0m: ISOLATE=1 yarn-project/scripts/run_test.sh p2p/src/services/reqresp/reqresp.test.ts (35s)
[38;2;97;214;104mPASSED[0m: yarn-project/scripts/run_test.sh prover-client/src/orchestrator/orchestrator_multi_public_functions.test.ts (28s)
[38;2;230;69;83mFAILED[0m ([38;2;250;217;121m]8;;http://ci.aztec-labs.com/5f5d2e26db359de45f5d2e26db359de4]8;;[0m): yarn-project/scripts/run_test.sh ivc-integration/src/native_client_ivc_integration.test.ts (33s) (code: 1)
[38;2;97;214;104mPASSED[0m: cd yarn-project/ivc-integration && yarn test:browser (16s)
[38;2;97;214;104mPASSED[0m: yarn-project/scripts/run_test.sh world-state/src/native/native_world_state.test.ts (35s)
[38;2;97;214;104mPASSED[0m: yarn-project/scripts/run_test.sh prover-client/src/orchestrator/orchestrator_mixed_blocks.test.ts (54s)
[38;2;230;69;83mFAILED[0m ([38;2;250;217;121m]8;;http://ci.aztec-labs.com/2d553ac25951920a2d553ac25951920a]8;;[0m): yarn-project/scripts/run_test.sh ivc-integration/src/wasm_client_ivc_integration.test.ts (56s) (code: 1)
[38;2;97;214;104mPASSED[0m: ISOLATE=1 LOG_LEVEL=debug yarn-project/scripts/run_test.sh p2p/src/services/discv5/discv5_service.test.ts (68s)
[38;2;97;214;104mPASSED[0m: yarn-project/scripts/run_test.sh prover-client/src/orchestrator/orchestrator_failures.test.ts (60s)
[38;2;97;214;104mPASSED[0m: yarn-project/scripts/run_test.sh prover-client/src/orchestrator/orchestrator_multiple_blocks.test.ts (62s)
[38;2;97;214;104mPASSED[0m: yarn-project/scripts/run_test.sh blob-sink/src/client/http.test.ts (71s)
[38;2;97;214;104mPASSED[0m: ISOLATE=1 CPUS=10 MEM=10g yarn-project/scripts/run_test.sh p2p/src/testbench/port_change.test.ts (89s)
[38;2;97;214;104mPASSED[0m: yarn-project/scripts/run_test.sh archiver/src/archiver/kv_archiver_store/kv_archiver_store.test.ts (94s)
[38;2;97;214;104mPASSED[0m: ISOLATE=1 yarn-project/scripts/run_test.sh p2p/src/client/p2p_client.integration.test.ts (99s)
[38;2;97;214;104mPASSED[0m: ISOLATE=1 LOG_LEVEL=debug yarn-project/scripts/run_test.sh p2p/src/client/p2p_client.test.ts (113s)
